07/09/2020 03:57:22 PM {/home/dhruval/PycharmProjects/Analysis/tweet_parser.py:57} INFO pic.twitter.com/RZlHu0AOdj
07/09/2020 03:57:22 PM {/home/dhruval/PycharmProjects/Analysis/tweet_parser.py:57} INFO This is a battle to save the Heritage, History, and Greatness of our Country! # MAGA2020
07/09/2020 03:57:22 PM {/home/dhruval/PycharmProjects/Analysis/tweet_parser.py:57} INFO As I watch the Pandemic spread its ugly face all across the world, including the tremendous damage it has done to the USA, I become more and more angry at China. People can see it, and I can feel it!
07/09/2020 03:57:22 PM {/home/dhruval/PycharmProjects/Analysis/tweet_parser.py:57} INFO Today’s SCOTUS ruling is a historic win for families who want SCHOOL CHOICE NOW! # SchoolChoice is a civil rights issue, and no parent should have to send their child to a failing school. I will continue to fight for School Choice and will always defend Religious Freedom!
07/09/2020 03:57:22 PM {/home/dhruval/PycharmProjects/Analysis/tweet_parser.py:57} INFO pic.twitter.com/bnQMEO2i9u
07/09/2020 03:57:22 PM {/home/dhruval/PycharmProjects/Analysis/tweet_parser.py:57} INFO THE LONE WARRIOR!
07/09/2020 03:57:22 PM {/home/dhruval/PycharmProjects/Analysis/tweet_parser.py:57} INFO Chuck, we will get lower drug prices done. Thanks!https://twitter.com/chuckgrassley/status/1277672678556684289 …
07/09/2020 03:57:22 PM {/home/dhruval/PycharmProjects/Analysis/tweet_parser.py:57} INFO We are tracking down the two Anarchists who threw paint on the magnificent George Washington Statue in Manhattan. We have them on tape. They will be prosecuted and face 10 years in Prison based on the Monuments and Statues Act. Turn yourselves in now!
07/09/2020 03:57:22 PM {/home/dhruval/PycharmProjects/Analysis/tweet_parser.py:57} INFO Senator @ CoryGardner from Colorado is a GREAT Senator who always fights for the people of his state. He protects your # 2A, loves our Vets and Military, and cares deeply about our BEAUTIFUL public lands. Cory has my Complete and Total Endorsement! # COSENhttps://secure.winred.com/cory-gardner/defend-colorado …
07/09/2020 03:57:22 PM {/home/dhruval/PycharmProjects/Analysis/tweet_parser.py:57} INFO Congressman @ ScottRTipton is a great supporter of the # MAGA Agenda! He fights for your # 2A rights and the Border Wall. Scott is working hard for Colorado and has my Complete and Total Endorsement! # CO03https://secure.winred.com/scott-tipton-for-congress/donate …
07/09/2020 03:57:22 PM {/home/dhruval/PycharmProjects/Analysis/tweet_parser.py:89} INFO ['this is a battle to save the heritage history and greatness of our country maga2020', 'as i watch the pandemic spread its ugly face all across the world including the tremendous damage it has done to the usa i become more and more angry at china people can see it and i can feel it', 'today s scotus ruling is a historic win for families who want school choice now schoolchoice is a civil rights issue and no parent should have to send their child to a failing school i will continue to fight for school choice and will always defend religious freedom', 'the lone warrior', 'chuck we will get lower drug prices done thanks', 'we are tracking down the two anarchists who threw paint on the magnificent george washington statue in manhattan we have them on tape they will be prosecuted and face 10 years in prison based on the monuments and statues act turn yourselves in now', 'senator corygardner from colorado is a great senator who always fights for the people of his state he protects your 2a loves our vets and military and cares deeply about our beautiful public lands cory has my complete and total endorsement cosen', 'congressman scottrtipton is a great supporter of the maga agenda he fights for your 2a rights and the border wall scott is working hard for colorado and has my complete and total endorsement co03', '']
07/09/2020 03:57:22 PM {/home/dhruval/PycharmProjects/Analysis/tweet_parser.py:93} INFO this is a battle to save the heritage history and greatness of our country maga2020
07/09/2020 03:57:22 PM {/home/dhruval/PycharmProjects/Analysis/tweet_parser.py:95} INFO ['this', 'is', 'a', 'battle', 'to', 'save', 'the', 'heritage', 'history', 'and', 'greatness', 'of', 'our', 'country', 'maga2020']
07/09/2020 03:57:22 PM {/home/dhruval/PycharmProjects/Analysis/tweet_parser.py:98} INFO this
07/09/2020 03:57:22 PM {/home/dhruval/PycharmProjects/Analysis/tweet_parser.py:98} INFO is
07/09/2020 03:57:22 PM {/home/dhruval/PycharmProjects/Analysis/tweet_parser.py:98} INFO a
07/09/2020 03:57:22 PM {/home/dhruval/PycharmProjects/Analysis/tweet_parser.py:98} INFO battle
07/09/2020 03:57:22 PM {/home/dhruval/PycharmProjects/Analysis/tweet_parser.py:100} INFO found match!!!
07/09/2020 03:57:22 PM {/home/dhruval/PycharmProjects/Analysis/tweet_parser.py:98} INFO to
07/09/2020 03:57:22 PM {/home/dhruval/PycharmProjects/Analysis/tweet_parser.py:98} INFO save
07/09/2020 03:57:22 PM {/home/dhruval/PycharmProjects/Analysis/tweet_parser.py:100} INFO found match!!!
07/09/2020 03:57:22 PM {/home/dhruval/PycharmProjects/Analysis/tweet_parser.py:98} INFO the
07/09/2020 03:57:22 PM {/home/dhruval/PycharmProjects/Analysis/tweet_parser.py:98} INFO heritage
07/09/2020 03:57:22 PM {/home/dhruval/PycharmProjects/Analysis/tweet_parser.py:100} INFO found match!!!
07/09/2020 03:57:22 PM {/home/dhruval/PycharmProjects/Analysis/tweet_parser.py:98} INFO history
07/09/2020 03:57:22 PM {/home/dhruval/PycharmProjects/Analysis/tweet_parser.py:100} INFO found match!!!
07/09/2020 03:57:22 PM {/home/dhruval/PycharmProjects/Analysis/tweet_parser.py:98} INFO and
07/09/2020 03:57:22 PM {/home/dhruval/PycharmProjects/Analysis/tweet_parser.py:98} INFO greatness
07/09/2020 03:57:22 PM {/home/dhruval/PycharmProjects/Analysis/tweet_parser.py:100} INFO found match!!!
07/09/2020 03:57:22 PM {/home/dhruval/PycharmProjects/Analysis/tweet_parser.py:98} INFO of
07/09/2020 03:57:22 PM {/home/dhruval/PycharmProjects/Analysis/tweet_parser.py:98} INFO our
07/09/2020 03:57:22 PM {/home/dhruval/PycharmProjects/Analysis/tweet_parser.py:98} INFO country
07/09/2020 03:57:22 PM {/home/dhruval/PycharmProjects/Analysis/tweet_parser.py:100} INFO found match!!!
07/09/2020 03:57:22 PM {/home/dhruval/PycharmProjects/Analysis/tweet_parser.py:98} INFO maga2020
07/09/2020 03:57:22 PM {/home/dhruval/PycharmProjects/Analysis/tweet_parser.py:100} INFO found match!!!
07/09/2020 03:57:22 PM {/home/dhruval/PycharmProjects/Analysis/tweet_parser.py:102} INFO ['battle', 'save', 'heritage', 'history', 'greatness', 'country', 'maga2020']
07/09/2020 03:57:22 PM {/home/dhruval/PycharmProjects/Analysis/tweet_parser.py:93} INFO as i watch the pandemic spread its ugly face all across the world including the tremendous damage it has done to the usa i become more and more angry at china people can see it and i can feel it
07/09/2020 03:57:22 PM {/home/dhruval/PycharmProjects/Analysis/tweet_parser.py:95} INFO ['as', 'i', 'watch', 'the', 'pandemic', 'spread', 'its', 'ugly', 'face', 'all', 'across', 'the', 'world', 'including', 'the', 'tremendous', 'damage', 'it', 'has', 'done', 'to', 'the', 'usa', 'i', 'become', 'more', 'and', 'more', 'angry', 'at', 'china', 'people', 'can', 'see', 'it', 'and', 'i', 'can', 'feel', 'it']
07/09/2020 03:57:22 PM {/home/dhruval/PycharmProjects/Analysis/tweet_parser.py:98} INFO as
07/09/2020 03:57:22 PM {/home/dhruval/PycharmProjects/Analysis/tweet_parser.py:98} INFO i
07/09/2020 03:57:22 PM {/home/dhruval/PycharmProjects/Analysis/tweet_parser.py:98} INFO watch
07/09/2020 03:57:22 PM {/home/dhruval/PycharmProjects/Analysis/tweet_parser.py:100} INFO found match!!!
07/09/2020 03:57:22 PM {/home/dhruval/PycharmProjects/Analysis/tweet_parser.py:98} INFO the
07/09/2020 03:57:22 PM {/home/dhruval/PycharmProjects/Analysis/tweet_parser.py:98} INFO pandemic
07/09/2020 03:57:22 PM {/home/dhruval/PycharmProjects/Analysis/tweet_parser.py:100} INFO found match!!!
07/09/2020 03:57:22 PM {/home/dhruval/PycharmProjects/Analysis/tweet_parser.py:98} INFO spread
07/09/2020 03:57:22 PM {/home/dhruval/PycharmProjects/Analysis/tweet_parser.py:100} INFO found match!!!
07/09/2020 03:57:22 PM {/home/dhruval/PycharmProjects/Analysis/tweet_parser.py:98} INFO its
07/09/2020 03:57:22 PM {/home/dhruval/PycharmProjects/Analysis/tweet_parser.py:98} INFO ugly
07/09/2020 03:57:22 PM {/home/dhruval/PycharmProjects/Analysis/tweet_parser.py:100} INFO found match!!!
07/09/2020 03:57:22 PM {/home/dhruval/PycharmProjects/Analysis/tweet_parser.py:98} INFO face
07/09/2020 03:57:22 PM {/home/dhruval/PycharmProjects/Analysis/tweet_parser.py:100} INFO found match!!!
07/09/2020 03:57:22 PM {/home/dhruval/PycharmProjects/Analysis/tweet_parser.py:98} INFO all
07/09/2020 03:57:22 PM {/home/dhruval/PycharmProjects/Analysis/tweet_parser.py:98} INFO across
07/09/2020 03:57:22 PM {/home/dhruval/PycharmProjects/Analysis/tweet_parser.py:98} INFO the
07/09/2020 03:57:22 PM {/home/dhruval/PycharmProjects/Analysis/tweet_parser.py:98} INFO world
07/09/2020 03:57:22 PM {/home/dhruval/PycharmProjects/Analysis/tweet_parser.py:100} INFO found match!!!
07/09/2020 03:57:22 PM {/home/dhruval/PycharmProjects/Analysis/tweet_parser.py:98} INFO including
07/09/2020 03:57:22 PM {/home/dhruval/PycharmProjects/Analysis/tweet_parser.py:100} INFO found match!!!
07/09/2020 03:57:22 PM {/home/dhruval/PycharmProjects/Analysis/tweet_parser.py:98} INFO the
07/09/2020 03:57:22 PM {/home/dhruval/PycharmProjects/Analysis/tweet_parser.py:98} INFO tremendous
07/09/2020 03:57:22 PM {/home/dhruval/PycharmProjects/Analysis/tweet_parser.py:100} INFO found match!!!
07/09/2020 03:57:22 PM {/home/dhruval/PycharmProjects/Analysis/tweet_parser.py:98} INFO damage
07/09/2020 03:57:22 PM {/home/dhruval/PycharmProjects/Analysis/tweet_parser.py:100} INFO found match!!!
07/09/2020 03:57:22 PM {/home/dhruval/PycharmProjects/Analysis/tweet_parser.py:98} INFO it
07/09/2020 03:57:22 PM {/home/dhruval/PycharmProjects/Analysis/tweet_parser.py:98} INFO has
07/09/2020 03:57:22 PM {/home/dhruval/PycharmProjects/Analysis/tweet_parser.py:98} INFO done
07/09/2020 03:57:22 PM {/home/dhruval/PycharmProjects/Analysis/tweet_parser.py:98} INFO to
07/09/2020 03:57:22 PM {/home/dhruval/PycharmProjects/Analysis/tweet_parser.py:98} INFO the
07/09/2020 03:57:22 PM {/home/dhruval/PycharmProjects/Analysis/tweet_parser.py:98} INFO usa
07/09/2020 03:57:22 PM {/home/dhruval/PycharmProjects/Analysis/tweet_parser.py:100} INFO found match!!!
07/09/2020 03:57:22 PM {/home/dhruval/PycharmProjects/Analysis/tweet_parser.py:98} INFO i
07/09/2020 03:57:22 PM {/home/dhruval/PycharmProjects/Analysis/tweet_parser.py:98} INFO become
07/09/2020 03:57:22 PM {/home/dhruval/PycharmProjects/Analysis/tweet_parser.py:98} INFO more
07/09/2020 03:57:22 PM {/home/dhruval/PycharmProjects/Analysis/tweet_parser.py:98} INFO and
07/09/2020 03:57:22 PM {/home/dhruval/PycharmProjects/Analysis/tweet_parser.py:98} INFO more
07/09/2020 03:57:22 PM {/home/dhruval/PycharmProjects/Analysis/tweet_parser.py:98} INFO angry
07/09/2020 03:57:22 PM {/home/dhruval/PycharmProjects/Analysis/tweet_parser.py:100} INFO found match!!!
07/09/2020 03:57:22 PM {/home/dhruval/PycharmProjects/Analysis/tweet_parser.py:98} INFO at
07/09/2020 03:57:22 PM {/home/dhruval/PycharmProjects/Analysis/tweet_parser.py:98} INFO china
07/09/2020 03:57:22 PM {/home/dhruval/PycharmProjects/Analysis/tweet_parser.py:100} INFO found match!!!
07/09/2020 03:57:22 PM {/home/dhruval/PycharmProjects/Analysis/tweet_parser.py:98} INFO people
07/09/2020 03:57:22 PM {/home/dhruval/PycharmProjects/Analysis/tweet_parser.py:100} INFO found match!!!
07/09/2020 03:57:22 PM {/home/dhruval/PycharmProjects/Analysis/tweet_parser.py:98} INFO can
07/09/2020 03:57:22 PM {/home/dhruval/PycharmProjects/Analysis/tweet_parser.py:98} INFO see
07/09/2020 03:57:22 PM {/home/dhruval/PycharmProjects/Analysis/tweet_parser.py:98} INFO it
07/09/2020 03:57:22 PM {/home/dhruval/PycharmProjects/Analysis/tweet_parser.py:98} INFO and
07/09/2020 03:57:22 PM {/home/dhruval/PycharmProjects/Analysis/tweet_parser.py:98} INFO i
07/09/2020 03:57:22 PM {/home/dhruval/PycharmProjects/Analysis/tweet_parser.py:98} INFO can
07/09/2020 03:57:22 PM {/home/dhruval/PycharmProjects/Analysis/tweet_parser.py:98} INFO feel
07/09/2020 03:57:22 PM {/home/dhruval/PycharmProjects/Analysis/tweet_parser.py:100} INFO found match!!!
07/09/2020 03:57:22 PM {/home/dhruval/PycharmProjects/Analysis/tweet_parser.py:98} INFO it
07/09/2020 03:57:22 PM {/home/dhruval/PycharmProjects/Analysis/tweet_parser.py:102} INFO ['watch', 'pandemic', 'spread', 'ugly', 'face', 'world', 'including', 'tremendous', 'damage', 'usa', 'angry', 'china', 'people', 'feel']
07/09/2020 03:57:22 PM {/home/dhruval/PycharmProjects/Analysis/tweet_parser.py:93} INFO today s scotus ruling is a historic win for families who want school choice now schoolchoice is a civil rights issue and no parent should have to send their child to a failing school i will continue to fight for school choice and will always defend religious freedom
07/09/2020 03:57:22 PM {/home/dhruval/PycharmProjects/Analysis/tweet_parser.py:95} INFO ['today', 's', 'scotus', 'ruling', 'is', 'a', 'historic', 'win', 'for', 'families', 'who', 'want', 'school', 'choice', 'now', 'schoolchoice', 'is', 'a', 'civil', 'rights', 'issue', 'and', 'no', 'parent', 'should', 'have', 'to', 'send', 'their', 'child', 'to', 'a', 'failing', 'school', 'i', 'will', 'continue', 'to', 'fight', 'for', 'school', 'choice', 'and', 'will', 'always', 'defend', 'religious', 'freedom']
07/09/2020 03:57:22 PM {/home/dhruval/PycharmProjects/Analysis/tweet_parser.py:98} INFO today
07/09/2020 03:57:22 PM {/home/dhruval/PycharmProjects/Analysis/tweet_parser.py:100} INFO found match!!!
07/09/2020 03:57:22 PM {/home/dhruval/PycharmProjects/Analysis/tweet_parser.py:98} INFO s
07/09/2020 03:57:22 PM {/home/dhruval/PycharmProjects/Analysis/tweet_parser.py:98} INFO scotus
07/09/2020 03:57:22 PM {/home/dhruval/PycharmProjects/Analysis/tweet_parser.py:100} INFO found match!!!
07/09/2020 03:57:22 PM {/home/dhruval/PycharmProjects/Analysis/tweet_parser.py:98} INFO ruling
07/09/2020 03:57:22 PM {/home/dhruval/PycharmProjects/Analysis/tweet_parser.py:100} INFO found match!!!
07/09/2020 03:57:22 PM {/home/dhruval/PycharmProjects/Analysis/tweet_parser.py:98} INFO is
07/09/2020 03:57:22 PM {/home/dhruval/PycharmProjects/Analysis/tweet_parser.py:98} INFO a
07/09/2020 03:57:22 PM {/home/dhruval/PycharmProjects/Analysis/tweet_parser.py:98} INFO historic
07/09/2020 03:57:22 PM {/home/dhruval/PycharmProjects/Analysis/tweet_parser.py:100} INFO found match!!!
07/09/2020 03:57:22 PM {/home/dhruval/PycharmProjects/Analysis/tweet_parser.py:98} INFO win
07/09/2020 03:57:22 PM {/home/dhruval/PycharmProjects/Analysis/tweet_parser.py:100} INFO found match!!!
07/09/2020 03:57:22 PM {/home/dhruval/PycharmProjects/Analysis/tweet_parser.py:98} INFO for
07/09/2020 03:57:22 PM {/home/dhruval/PycharmProjects/Analysis/tweet_parser.py:98} INFO families
07/09/2020 03:57:22 PM {/home/dhruval/PycharmProjects/Analysis/tweet_parser.py:100} INFO found match!!!
07/09/2020 03:57:22 PM {/home/dhruval/PycharmProjects/Analysis/tweet_parser.py:98} INFO who
07/09/2020 03:57:22 PM {/home/dhruval/PycharmProjects/Analysis/tweet_parser.py:98} INFO want
07/09/2020 03:57:22 PM {/home/dhruval/PycharmProjects/Analysis/tweet_parser.py:98} INFO school
07/09/2020 03:57:22 PM {/home/dhruval/PycharmProjects/Analysis/tweet_parser.py:100} INFO found match!!!
07/09/2020 03:57:22 PM {/home/dhruval/PycharmProjects/Analysis/tweet_parser.py:98} INFO choice
07/09/2020 03:57:22 PM {/home/dhruval/PycharmProjects/Analysis/tweet_parser.py:100} INFO found match!!!
07/09/2020 03:57:22 PM {/home/dhruval/PycharmProjects/Analysis/tweet_parser.py:98} INFO now
07/09/2020 03:57:22 PM {/home/dhruval/PycharmProjects/Analysis/tweet_parser.py:98} INFO schoolchoice
07/09/2020 03:57:22 PM {/home/dhruval/PycharmProjects/Analysis/tweet_parser.py:100} INFO found match!!!
07/09/2020 03:57:22 PM {/home/dhruval/PycharmProjects/Analysis/tweet_parser.py:98} INFO is
07/09/2020 03:57:22 PM {/home/dhruval/PycharmProjects/Analysis/tweet_parser.py:98} INFO a
07/09/2020 03:57:22 PM {/home/dhruval/PycharmProjects/Analysis/tweet_parser.py:98} INFO civil
07/09/2020 03:57:22 PM {/home/dhruval/PycharmProjects/Analysis/tweet_parser.py:100} INFO found match!!!
07/09/2020 03:57:22 PM {/home/dhruval/PycharmProjects/Analysis/tweet_parser.py:98} INFO rights
07/09/2020 03:57:22 PM {/home/dhruval/PycharmProjects/Analysis/tweet_parser.py:100} INFO found match!!!
07/09/2020 03:57:22 PM {/home/dhruval/PycharmProjects/Analysis/tweet_parser.py:98} INFO issue
07/09/2020 03:57:22 PM {/home/dhruval/PycharmProjects/Analysis/tweet_parser.py:100} INFO found match!!!
07/09/2020 03:57:22 PM {/home/dhruval/PycharmProjects/Analysis/tweet_parser.py:98} INFO and
07/09/2020 03:57:22 PM {/home/dhruval/PycharmProjects/Analysis/tweet_parser.py:98} INFO no
07/09/2020 03:57:22 PM {/home/dhruval/PycharmProjects/Analysis/tweet_parser.py:98} INFO parent
07/09/2020 03:57:22 PM {/home/dhruval/PycharmProjects/Analysis/tweet_parser.py:100} INFO found match!!!
07/09/2020 03:57:22 PM {/home/dhruval/PycharmProjects/Analysis/tweet_parser.py:98} INFO should
07/09/2020 03:57:22 PM {/home/dhruval/PycharmProjects/Analysis/tweet_parser.py:98} INFO have
07/09/2020 03:57:22 PM {/home/dhruval/PycharmProjects/Analysis/tweet_parser.py:98} INFO to
07/09/2020 03:57:22 PM {/home/dhruval/PycharmProjects/Analysis/tweet_parser.py:98} INFO send
07/09/2020 03:57:22 PM {/home/dhruval/PycharmProjects/Analysis/tweet_parser.py:100} INFO found match!!!
07/09/2020 03:57:22 PM {/home/dhruval/PycharmProjects/Analysis/tweet_parser.py:98} INFO their
07/09/2020 03:57:22 PM {/home/dhruval/PycharmProjects/Analysis/tweet_parser.py:98} INFO child
07/09/2020 03:57:22 PM {/home/dhruval/PycharmProjects/Analysis/tweet_parser.py:100} INFO found match!!!
07/09/2020 03:57:22 PM {/home/dhruval/PycharmProjects/Analysis/tweet_parser.py:98} INFO to
07/09/2020 03:57:22 PM {/home/dhruval/PycharmProjects/Analysis/tweet_parser.py:98} INFO a
07/09/2020 03:57:22 PM {/home/dhruval/PycharmProjects/Analysis/tweet_parser.py:98} INFO failing
07/09/2020 03:57:22 PM {/home/dhruval/PycharmProjects/Analysis/tweet_parser.py:100} INFO found match!!!
07/09/2020 03:57:22 PM {/home/dhruval/PycharmProjects/Analysis/tweet_parser.py:98} INFO school
07/09/2020 03:57:22 PM {/home/dhruval/PycharmProjects/Analysis/tweet_parser.py:100} INFO found match!!!
07/09/2020 03:57:22 PM {/home/dhruval/PycharmProjects/Analysis/tweet_parser.py:98} INFO i
07/09/2020 03:57:22 PM {/home/dhruval/PycharmProjects/Analysis/tweet_parser.py:98} INFO will
07/09/2020 03:57:22 PM {/home/dhruval/PycharmProjects/Analysis/tweet_parser.py:98} INFO continue
07/09/2020 03:57:22 PM {/home/dhruval/PycharmProjects/Analysis/tweet_parser.py:100} INFO found match!!!
07/09/2020 03:57:22 PM {/home/dhruval/PycharmProjects/Analysis/tweet_parser.py:98} INFO to
07/09/2020 03:57:22 PM {/home/dhruval/PycharmProjects/Analysis/tweet_parser.py:98} INFO fight
07/09/2020 03:57:22 PM {/home/dhruval/PycharmProjects/Analysis/tweet_parser.py:100} INFO found match!!!
07/09/2020 03:57:22 PM {/home/dhruval/PycharmProjects/Analysis/tweet_parser.py:98} INFO for
07/09/2020 03:57:22 PM {/home/dhruval/PycharmProjects/Analysis/tweet_parser.py:98} INFO school
07/09/2020 03:57:22 PM {/home/dhruval/PycharmProjects/Analysis/tweet_parser.py:100} INFO found match!!!
07/09/2020 03:57:22 PM {/home/dhruval/PycharmProjects/Analysis/tweet_parser.py:98} INFO choice
07/09/2020 03:57:22 PM {/home/dhruval/PycharmProjects/Analysis/tweet_parser.py:100} INFO found match!!!
07/09/2020 03:57:22 PM {/home/dhruval/PycharmProjects/Analysis/tweet_parser.py:98} INFO and
07/09/2020 03:57:22 PM {/home/dhruval/PycharmProjects/Analysis/tweet_parser.py:98} INFO will
07/09/2020 03:57:22 PM {/home/dhruval/PycharmProjects/Analysis/tweet_parser.py:98} INFO always
07/09/2020 03:57:22 PM {/home/dhruval/PycharmProjects/Analysis/tweet_parser.py:98} INFO defend
07/09/2020 03:57:22 PM {/home/dhruval/PycharmProjects/Analysis/tweet_parser.py:100} INFO found match!!!
07/09/2020 03:57:22 PM {/home/dhruval/PycharmProjects/Analysis/tweet_parser.py:98} INFO religious
07/09/2020 03:57:22 PM {/home/dhruval/PycharmProjects/Analysis/tweet_parser.py:100} INFO found match!!!
07/09/2020 03:57:22 PM {/home/dhruval/PycharmProjects/Analysis/tweet_parser.py:98} INFO freedom
07/09/2020 03:57:22 PM {/home/dhruval/PycharmProjects/Analysis/tweet_parser.py:100} INFO found match!!!
07/09/2020 03:57:22 PM {/home/dhruval/PycharmProjects/Analysis/tweet_parser.py:102} INFO ['today', 'scotus', 'ruling', 'historic', 'win', 'families', 'school', 'choice', 'schoolchoice', 'civil', 'rights', 'issue', 'parent', 'send', 'child', 'failing', 'school', 'continue', 'fight', 'school', 'choice', 'defend', 'religious', 'freedom']
07/09/2020 03:57:22 PM {/home/dhruval/PycharmProjects/Analysis/tweet_parser.py:93} INFO the lone warrior
07/09/2020 03:57:22 PM {/home/dhruval/PycharmProjects/Analysis/tweet_parser.py:95} INFO ['the', 'lone', 'warrior']
07/09/2020 03:57:22 PM {/home/dhruval/PycharmProjects/Analysis/tweet_parser.py:98} INFO the
07/09/2020 03:57:22 PM {/home/dhruval/PycharmProjects/Analysis/tweet_parser.py:98} INFO lone
07/09/2020 03:57:22 PM {/home/dhruval/PycharmProjects/Analysis/tweet_parser.py:100} INFO found match!!!
07/09/2020 03:57:22 PM {/home/dhruval/PycharmProjects/Analysis/tweet_parser.py:98} INFO warrior
07/09/2020 03:57:22 PM {/home/dhruval/PycharmProjects/Analysis/tweet_parser.py:100} INFO found match!!!
07/09/2020 03:57:22 PM {/home/dhruval/PycharmProjects/Analysis/tweet_parser.py:102} INFO ['lone', 'warrior']
07/09/2020 03:57:22 PM {/home/dhruval/PycharmProjects/Analysis/tweet_parser.py:93} INFO chuck we will get lower drug prices done thanks
07/09/2020 03:57:22 PM {/home/dhruval/PycharmProjects/Analysis/tweet_parser.py:95} INFO ['chuck', 'we', 'will', 'get', 'lower', 'drug', 'prices', 'done', 'thanks']
07/09/2020 03:57:22 PM {/home/dhruval/PycharmProjects/Analysis/tweet_parser.py:98} INFO chuck
07/09/2020 03:57:22 PM {/home/dhruval/PycharmProjects/Analysis/tweet_parser.py:100} INFO found match!!!
07/09/2020 03:57:22 PM {/home/dhruval/PycharmProjects/Analysis/tweet_parser.py:98} INFO we
07/09/2020 03:57:22 PM {/home/dhruval/PycharmProjects/Analysis/tweet_parser.py:98} INFO will
07/09/2020 03:57:22 PM {/home/dhruval/PycharmProjects/Analysis/tweet_parser.py:98} INFO get
07/09/2020 03:57:22 PM {/home/dhruval/PycharmProjects/Analysis/tweet_parser.py:98} INFO lower
07/09/2020 03:57:22 PM {/home/dhruval/PycharmProjects/Analysis/tweet_parser.py:100} INFO found match!!!
07/09/2020 03:57:22 PM {/home/dhruval/PycharmProjects/Analysis/tweet_parser.py:98} INFO drug
07/09/2020 03:57:22 PM {/home/dhruval/PycharmProjects/Analysis/tweet_parser.py:100} INFO found match!!!
07/09/2020 03:57:22 PM {/home/dhruval/PycharmProjects/Analysis/tweet_parser.py:98} INFO prices
07/09/2020 03:57:22 PM {/home/dhruval/PycharmProjects/Analysis/tweet_parser.py:100} INFO found match!!!
07/09/2020 03:57:22 PM {/home/dhruval/PycharmProjects/Analysis/tweet_parser.py:98} INFO done
07/09/2020 03:57:22 PM {/home/dhruval/PycharmProjects/Analysis/tweet_parser.py:98} INFO thanks
07/09/2020 03:57:22 PM {/home/dhruval/PycharmProjects/Analysis/tweet_parser.py:102} INFO ['chuck', 'lower', 'drug', 'prices']
07/09/2020 03:57:22 PM {/home/dhruval/PycharmProjects/Analysis/tweet_parser.py:93} INFO we are tracking down the two anarchists who threw paint on the magnificent george washington statue in manhattan we have them on tape they will be prosecuted and face 10 years in prison based on the monuments and statues act turn yourselves in now
07/09/2020 03:57:22 PM {/home/dhruval/PycharmProjects/Analysis/tweet_parser.py:95} INFO ['we', 'are', 'tracking', 'down', 'the', 'two', 'anarchists', 'who', 'threw', 'paint', 'on', 'the', 'magnificent', 'george', 'washington', 'statue', 'in', 'manhattan', 'we', 'have', 'them', 'on', 'tape', 'they', 'will', 'be', 'prosecuted', 'and', 'face', '10', 'years', 'in', 'prison', 'based', 'on', 'the', 'monuments', 'and', 'statues', 'act', 'turn', 'yourselves', 'in', 'now']
07/09/2020 03:57:22 PM {/home/dhruval/PycharmProjects/Analysis/tweet_parser.py:98} INFO we
07/09/2020 03:57:22 PM {/home/dhruval/PycharmProjects/Analysis/tweet_parser.py:98} INFO are
07/09/2020 03:57:22 PM {/home/dhruval/PycharmProjects/Analysis/tweet_parser.py:98} INFO tracking
07/09/2020 03:57:22 PM {/home/dhruval/PycharmProjects/Analysis/tweet_parser.py:100} INFO found match!!!
07/09/2020 03:57:22 PM {/home/dhruval/PycharmProjects/Analysis/tweet_parser.py:98} INFO down
07/09/2020 03:57:22 PM {/home/dhruval/PycharmProjects/Analysis/tweet_parser.py:98} INFO the
07/09/2020 03:57:22 PM {/home/dhruval/PycharmProjects/Analysis/tweet_parser.py:98} INFO two
07/09/2020 03:57:22 PM {/home/dhruval/PycharmProjects/Analysis/tweet_parser.py:98} INFO anarchists
07/09/2020 03:57:22 PM {/home/dhruval/PycharmProjects/Analysis/tweet_parser.py:100} INFO found match!!!
07/09/2020 03:57:22 PM {/home/dhruval/PycharmProjects/Analysis/tweet_parser.py:98} INFO who
07/09/2020 03:57:22 PM {/home/dhruval/PycharmProjects/Analysis/tweet_parser.py:98} INFO threw
07/09/2020 03:57:22 PM {/home/dhruval/PycharmProjects/Analysis/tweet_parser.py:100} INFO found match!!!
07/09/2020 03:57:22 PM {/home/dhruval/PycharmProjects/Analysis/tweet_parser.py:98} INFO paint
07/09/2020 03:57:22 PM {/home/dhruval/PycharmProjects/Analysis/tweet_parser.py:100} INFO found match!!!
07/09/2020 03:57:22 PM {/home/dhruval/PycharmProjects/Analysis/tweet_parser.py:98} INFO on
07/09/2020 03:57:22 PM {/home/dhruval/PycharmProjects/Analysis/tweet_parser.py:98} INFO the
07/09/2020 03:57:22 PM {/home/dhruval/PycharmProjects/Analysis/tweet_parser.py:98} INFO magnificent
07/09/2020 03:57:22 PM {/home/dhruval/PycharmProjects/Analysis/tweet_parser.py:100} INFO found match!!!
07/09/2020 03:57:22 PM {/home/dhruval/PycharmProjects/Analysis/tweet_parser.py:98} INFO george
07/09/2020 03:57:22 PM {/home/dhruval/PycharmProjects/Analysis/tweet_parser.py:100} INFO found match!!!
07/09/2020 03:57:22 PM {/home/dhruval/PycharmProjects/Analysis/tweet_parser.py:98} INFO washington
07/09/2020 03:57:22 PM {/home/dhruval/PycharmProjects/Analysis/tweet_parser.py:100} INFO found match!!!
07/09/2020 03:57:22 PM {/home/dhruval/PycharmProjects/Analysis/tweet_parser.py:98} INFO statue
07/09/2020 03:57:22 PM {/home/dhruval/PycharmProjects/Analysis/tweet_parser.py:100} INFO found match!!!
07/09/2020 03:57:22 PM {/home/dhruval/PycharmProjects/Analysis/tweet_parser.py:98} INFO in
07/09/2020 03:57:22 PM {/home/dhruval/PycharmProjects/Analysis/tweet_parser.py:98} INFO manhattan
07/09/2020 03:57:22 PM {/home/dhruval/PycharmProjects/Analysis/tweet_parser.py:100} INFO found match!!!
07/09/2020 03:57:22 PM {/home/dhruval/PycharmProjects/Analysis/tweet_parser.py:98} INFO we
07/09/2020 03:57:22 PM {/home/dhruval/PycharmProjects/Analysis/tweet_parser.py:98} INFO have
07/09/2020 03:57:22 PM {/home/dhruval/PycharmProjects/Analysis/tweet_parser.py:98} INFO them
07/09/2020 03:57:22 PM {/home/dhruval/PycharmProjects/Analysis/tweet_parser.py:98} INFO on
07/09/2020 03:57:22 PM {/home/dhruval/PycharmProjects/Analysis/tweet_parser.py:98} INFO tape
07/09/2020 03:57:22 PM {/home/dhruval/PycharmProjects/Analysis/tweet_parser.py:100} INFO found match!!!
07/09/2020 03:57:22 PM {/home/dhruval/PycharmProjects/Analysis/tweet_parser.py:98} INFO they
07/09/2020 03:57:22 PM {/home/dhruval/PycharmProjects/Analysis/tweet_parser.py:98} INFO will
07/09/2020 03:57:22 PM {/home/dhruval/PycharmProjects/Analysis/tweet_parser.py:98} INFO be
07/09/2020 03:57:22 PM {/home/dhruval/PycharmProjects/Analysis/tweet_parser.py:98} INFO prosecuted
07/09/2020 03:57:22 PM {/home/dhruval/PycharmProjects/Analysis/tweet_parser.py:100} INFO found match!!!
07/09/2020 03:57:22 PM {/home/dhruval/PycharmProjects/Analysis/tweet_parser.py:98} INFO and
07/09/2020 03:57:22 PM {/home/dhruval/PycharmProjects/Analysis/tweet_parser.py:98} INFO face
07/09/2020 03:57:22 PM {/home/dhruval/PycharmProjects/Analysis/tweet_parser.py:100} INFO found match!!!
07/09/2020 03:57:22 PM {/home/dhruval/PycharmProjects/Analysis/tweet_parser.py:98} INFO 10
07/09/2020 03:57:22 PM {/home/dhruval/PycharmProjects/Analysis/tweet_parser.py:100} INFO found match!!!
07/09/2020 03:57:22 PM {/home/dhruval/PycharmProjects/Analysis/tweet_parser.py:98} INFO years
07/09/2020 03:57:22 PM {/home/dhruval/PycharmProjects/Analysis/tweet_parser.py:100} INFO found match!!!
07/09/2020 03:57:22 PM {/home/dhruval/PycharmProjects/Analysis/tweet_parser.py:98} INFO in
07/09/2020 03:57:22 PM {/home/dhruval/PycharmProjects/Analysis/tweet_parser.py:98} INFO prison
07/09/2020 03:57:22 PM {/home/dhruval/PycharmProjects/Analysis/tweet_parser.py:100} INFO found match!!!
07/09/2020 03:57:22 PM {/home/dhruval/PycharmProjects/Analysis/tweet_parser.py:98} INFO based
07/09/2020 03:57:22 PM {/home/dhruval/PycharmProjects/Analysis/tweet_parser.py:100} INFO found match!!!
07/09/2020 03:57:22 PM {/home/dhruval/PycharmProjects/Analysis/tweet_parser.py:98} INFO on
07/09/2020 03:57:22 PM {/home/dhruval/PycharmProjects/Analysis/tweet_parser.py:98} INFO the
07/09/2020 03:57:22 PM {/home/dhruval/PycharmProjects/Analysis/tweet_parser.py:98} INFO monuments
07/09/2020 03:57:22 PM {/home/dhruval/PycharmProjects/Analysis/tweet_parser.py:100} INFO found match!!!
07/09/2020 03:57:22 PM {/home/dhruval/PycharmProjects/Analysis/tweet_parser.py:98} INFO and
07/09/2020 03:57:22 PM {/home/dhruval/PycharmProjects/Analysis/tweet_parser.py:98} INFO statues
07/09/2020 03:57:22 PM {/home/dhruval/PycharmProjects/Analysis/tweet_parser.py:100} INFO found match!!!
07/09/2020 03:57:22 PM {/home/dhruval/PycharmProjects/Analysis/tweet_parser.py:98} INFO act
07/09/2020 03:57:22 PM {/home/dhruval/PycharmProjects/Analysis/tweet_parser.py:100} INFO found match!!!
07/09/2020 03:57:22 PM {/home/dhruval/PycharmProjects/Analysis/tweet_parser.py:98} INFO turn
07/09/2020 03:57:22 PM {/home/dhruval/PycharmProjects/Analysis/tweet_parser.py:100} INFO found match!!!
07/09/2020 03:57:22 PM {/home/dhruval/PycharmProjects/Analysis/tweet_parser.py:98} INFO yourselves
07/09/2020 03:57:22 PM {/home/dhruval/PycharmProjects/Analysis/tweet_parser.py:98} INFO in
07/09/2020 03:57:22 PM {/home/dhruval/PycharmProjects/Analysis/tweet_parser.py:98} INFO now
07/09/2020 03:57:22 PM {/home/dhruval/PycharmProjects/Analysis/tweet_parser.py:102} INFO ['tracking', 'anarchists', 'threw', 'paint', 'magnificent', 'george', 'washington', 'statue', 'manhattan', 'tape', 'prosecuted', 'face', '10', 'years', 'prison', 'based', 'monuments', 'statues', 'act', 'turn']
07/09/2020 03:57:22 PM {/home/dhruval/PycharmProjects/Analysis/tweet_parser.py:93} INFO senator corygardner from colorado is a great senator who always fights for the people of his state he protects your 2a loves our vets and military and cares deeply about our beautiful public lands cory has my complete and total endorsement cosen
07/09/2020 03:57:22 PM {/home/dhruval/PycharmProjects/Analysis/tweet_parser.py:95} INFO ['senator', 'corygardner', 'from', 'colorado', 'is', 'a', 'great', 'senator', 'who', 'always', 'fights', 'for', 'the', 'people', 'of', 'his', 'state', 'he', 'protects', 'your', '2a', 'loves', 'our', 'vets', 'and', 'military', 'and', 'cares', 'deeply', 'about', 'our', 'beautiful', 'public', 'lands', 'cory', 'has', 'my', 'complete', 'and', 'total', 'endorsement', 'cosen']
07/09/2020 03:57:22 PM {/home/dhruval/PycharmProjects/Analysis/tweet_parser.py:98} INFO senator
07/09/2020 03:57:22 PM {/home/dhruval/PycharmProjects/Analysis/tweet_parser.py:100} INFO found match!!!
07/09/2020 03:57:22 PM {/home/dhruval/PycharmProjects/Analysis/tweet_parser.py:98} INFO corygardner
07/09/2020 03:57:22 PM {/home/dhruval/PycharmProjects/Analysis/tweet_parser.py:100} INFO found match!!!
07/09/2020 03:57:22 PM {/home/dhruval/PycharmProjects/Analysis/tweet_parser.py:98} INFO from
07/09/2020 03:57:22 PM {/home/dhruval/PycharmProjects/Analysis/tweet_parser.py:98} INFO colorado
07/09/2020 03:57:22 PM {/home/dhruval/PycharmProjects/Analysis/tweet_parser.py:100} INFO found match!!!
07/09/2020 03:57:22 PM {/home/dhruval/PycharmProjects/Analysis/tweet_parser.py:98} INFO is
07/09/2020 03:57:22 PM {/home/dhruval/PycharmProjects/Analysis/tweet_parser.py:98} INFO a
07/09/2020 03:57:22 PM {/home/dhruval/PycharmProjects/Analysis/tweet_parser.py:98} INFO great
07/09/2020 03:57:22 PM {/home/dhruval/PycharmProjects/Analysis/tweet_parser.py:100} INFO found match!!!
07/09/2020 03:57:22 PM {/home/dhruval/PycharmProjects/Analysis/tweet_parser.py:98} INFO senator
07/09/2020 03:57:22 PM {/home/dhruval/PycharmProjects/Analysis/tweet_parser.py:100} INFO found match!!!
07/09/2020 03:57:22 PM {/home/dhruval/PycharmProjects/Analysis/tweet_parser.py:98} INFO who
07/09/2020 03:57:22 PM {/home/dhruval/PycharmProjects/Analysis/tweet_parser.py:98} INFO always
07/09/2020 03:57:22 PM {/home/dhruval/PycharmProjects/Analysis/tweet_parser.py:98} INFO fights
07/09/2020 03:57:22 PM {/home/dhruval/PycharmProjects/Analysis/tweet_parser.py:100} INFO found match!!!
07/09/2020 03:57:22 PM {/home/dhruval/PycharmProjects/Analysis/tweet_parser.py:98} INFO for
07/09/2020 03:57:22 PM {/home/dhruval/PycharmProjects/Analysis/tweet_parser.py:98} INFO the
07/09/2020 03:57:22 PM {/home/dhruval/PycharmProjects/Analysis/tweet_parser.py:98} INFO people
07/09/2020 03:57:22 PM {/home/dhruval/PycharmProjects/Analysis/tweet_parser.py:100} INFO found match!!!
07/09/2020 03:57:22 PM {/home/dhruval/PycharmProjects/Analysis/tweet_parser.py:98} INFO of
07/09/2020 03:57:22 PM {/home/dhruval/PycharmProjects/Analysis/tweet_parser.py:98} INFO his
07/09/2020 03:57:22 PM {/home/dhruval/PycharmProjects/Analysis/tweet_parser.py:98} INFO state
07/09/2020 03:57:22 PM {/home/dhruval/PycharmProjects/Analysis/tweet_parser.py:100} INFO found match!!!
07/09/2020 03:57:22 PM {/home/dhruval/PycharmProjects/Analysis/tweet_parser.py:98} INFO he
07/09/2020 03:57:22 PM {/home/dhruval/PycharmProjects/Analysis/tweet_parser.py:98} INFO protects
07/09/2020 03:57:22 PM {/home/dhruval/PycharmProjects/Analysis/tweet_parser.py:100} INFO found match!!!
07/09/2020 03:57:22 PM {/home/dhruval/PycharmProjects/Analysis/tweet_parser.py:98} INFO your
07/09/2020 03:57:22 PM {/home/dhruval/PycharmProjects/Analysis/tweet_parser.py:98} INFO 2a
07/09/2020 03:57:22 PM {/home/dhruval/PycharmProjects/Analysis/tweet_parser.py:100} INFO found match!!!
07/09/2020 03:57:22 PM {/home/dhruval/PycharmProjects/Analysis/tweet_parser.py:98} INFO loves
07/09/2020 03:57:22 PM {/home/dhruval/PycharmProjects/Analysis/tweet_parser.py:100} INFO found match!!!
07/09/2020 03:57:22 PM {/home/dhruval/PycharmProjects/Analysis/tweet_parser.py:98} INFO our
07/09/2020 03:57:22 PM {/home/dhruval/PycharmProjects/Analysis/tweet_parser.py:98} INFO vets
07/09/2020 03:57:22 PM {/home/dhruval/PycharmProjects/Analysis/tweet_parser.py:100} INFO found match!!!
07/09/2020 03:57:22 PM {/home/dhruval/PycharmProjects/Analysis/tweet_parser.py:98} INFO and
07/09/2020 03:57:22 PM {/home/dhruval/PycharmProjects/Analysis/tweet_parser.py:98} INFO military
07/09/2020 03:57:22 PM {/home/dhruval/PycharmProjects/Analysis/tweet_parser.py:100} INFO found match!!!
07/09/2020 03:57:22 PM {/home/dhruval/PycharmProjects/Analysis/tweet_parser.py:98} INFO and
07/09/2020 03:57:22 PM {/home/dhruval/PycharmProjects/Analysis/tweet_parser.py:98} INFO cares
07/09/2020 03:57:22 PM {/home/dhruval/PycharmProjects/Analysis/tweet_parser.py:100} INFO found match!!!
07/09/2020 03:57:22 PM {/home/dhruval/PycharmProjects/Analysis/tweet_parser.py:98} INFO deeply
07/09/2020 03:57:22 PM {/home/dhruval/PycharmProjects/Analysis/tweet_parser.py:100} INFO found match!!!
07/09/2020 03:57:22 PM {/home/dhruval/PycharmProjects/Analysis/tweet_parser.py:98} INFO about
07/09/2020 03:57:22 PM {/home/dhruval/PycharmProjects/Analysis/tweet_parser.py:98} INFO our
07/09/2020 03:57:22 PM {/home/dhruval/PycharmProjects/Analysis/tweet_parser.py:98} INFO beautiful
07/09/2020 03:57:22 PM {/home/dhruval/PycharmProjects/Analysis/tweet_parser.py:100} INFO found match!!!
07/09/2020 03:57:22 PM {/home/dhruval/PycharmProjects/Analysis/tweet_parser.py:98} INFO public
07/09/2020 03:57:22 PM {/home/dhruval/PycharmProjects/Analysis/tweet_parser.py:100} INFO found match!!!
07/09/2020 03:57:22 PM {/home/dhruval/PycharmProjects/Analysis/tweet_parser.py:98} INFO lands
07/09/2020 03:57:22 PM {/home/dhruval/PycharmProjects/Analysis/tweet_parser.py:100} INFO found match!!!
07/09/2020 03:57:22 PM {/home/dhruval/PycharmProjects/Analysis/tweet_parser.py:98} INFO cory
07/09/2020 03:57:22 PM {/home/dhruval/PycharmProjects/Analysis/tweet_parser.py:100} INFO found match!!!
07/09/2020 03:57:22 PM {/home/dhruval/PycharmProjects/Analysis/tweet_parser.py:98} INFO has
07/09/2020 03:57:22 PM {/home/dhruval/PycharmProjects/Analysis/tweet_parser.py:98} INFO my
07/09/2020 03:57:22 PM {/home/dhruval/PycharmProjects/Analysis/tweet_parser.py:98} INFO complete
07/09/2020 03:57:22 PM {/home/dhruval/PycharmProjects/Analysis/tweet_parser.py:100} INFO found match!!!
07/09/2020 03:57:22 PM {/home/dhruval/PycharmProjects/Analysis/tweet_parser.py:98} INFO and
07/09/2020 03:57:22 PM {/home/dhruval/PycharmProjects/Analysis/tweet_parser.py:98} INFO total
07/09/2020 03:57:22 PM {/home/dhruval/PycharmProjects/Analysis/tweet_parser.py:100} INFO found match!!!
07/09/2020 03:57:22 PM {/home/dhruval/PycharmProjects/Analysis/tweet_parser.py:98} INFO endorsement
07/09/2020 03:57:22 PM {/home/dhruval/PycharmProjects/Analysis/tweet_parser.py:100} INFO found match!!!
07/09/2020 03:57:22 PM {/home/dhruval/PycharmProjects/Analysis/tweet_parser.py:98} INFO cosen
07/09/2020 03:57:22 PM {/home/dhruval/PycharmProjects/Analysis/tweet_parser.py:100} INFO found match!!!
07/09/2020 03:57:22 PM {/home/dhruval/PycharmProjects/Analysis/tweet_parser.py:102} INFO ['senator', 'corygardner', 'colorado', 'great', 'senator', 'fights', 'people', 'state', 'protects', '2a', 'loves', 'vets', 'military', 'cares', 'deeply', 'beautiful', 'public', 'lands', 'cory', 'complete', 'total', 'endorsement', 'cosen']
07/09/2020 03:57:22 PM {/home/dhruval/PycharmProjects/Analysis/tweet_parser.py:93} INFO congressman scottrtipton is a great supporter of the maga agenda he fights for your 2a rights and the border wall scott is working hard for colorado and has my complete and total endorsement co03
07/09/2020 03:57:22 PM {/home/dhruval/PycharmProjects/Analysis/tweet_parser.py:95} INFO ['congressman', 'scottrtipton', 'is', 'a', 'great', 'supporter', 'of', 'the', 'maga', 'agenda', 'he', 'fights', 'for', 'your', '2a', 'rights', 'and', 'the', 'border', 'wall', 'scott', 'is', 'working', 'hard', 'for', 'colorado', 'and', 'has', 'my', 'complete', 'and', 'total', 'endorsement', 'co03']
07/09/2020 03:57:22 PM {/home/dhruval/PycharmProjects/Analysis/tweet_parser.py:98} INFO congressman
07/09/2020 03:57:22 PM {/home/dhruval/PycharmProjects/Analysis/tweet_parser.py:100} INFO found match!!!
07/09/2020 03:57:22 PM {/home/dhruval/PycharmProjects/Analysis/tweet_parser.py:98} INFO scottrtipton
07/09/2020 03:57:22 PM {/home/dhruval/PycharmProjects/Analysis/tweet_parser.py:100} INFO found match!!!
07/09/2020 03:57:22 PM {/home/dhruval/PycharmProjects/Analysis/tweet_parser.py:98} INFO is
07/09/2020 03:57:22 PM {/home/dhruval/PycharmProjects/Analysis/tweet_parser.py:98} INFO a
07/09/2020 03:57:22 PM {/home/dhruval/PycharmProjects/Analysis/tweet_parser.py:98} INFO great
07/09/2020 03:57:22 PM {/home/dhruval/PycharmProjects/Analysis/tweet_parser.py:100} INFO found match!!!
07/09/2020 03:57:22 PM {/home/dhruval/PycharmProjects/Analysis/tweet_parser.py:98} INFO supporter
07/09/2020 03:57:22 PM {/home/dhruval/PycharmProjects/Analysis/tweet_parser.py:100} INFO found match!!!
07/09/2020 03:57:22 PM {/home/dhruval/PycharmProjects/Analysis/tweet_parser.py:98} INFO of
07/09/2020 03:57:22 PM {/home/dhruval/PycharmProjects/Analysis/tweet_parser.py:98} INFO the
07/09/2020 03:57:22 PM {/home/dhruval/PycharmProjects/Analysis/tweet_parser.py:98} INFO maga
07/09/2020 03:57:22 PM {/home/dhruval/PycharmProjects/Analysis/tweet_parser.py:100} INFO found match!!!
07/09/2020 03:57:22 PM {/home/dhruval/PycharmProjects/Analysis/tweet_parser.py:98} INFO agenda
07/09/2020 03:57:22 PM {/home/dhruval/PycharmProjects/Analysis/tweet_parser.py:100} INFO found match!!!
07/09/2020 03:57:22 PM {/home/dhruval/PycharmProjects/Analysis/tweet_parser.py:98} INFO he
07/09/2020 03:57:22 PM {/home/dhruval/PycharmProjects/Analysis/tweet_parser.py:98} INFO fights
07/09/2020 03:57:22 PM {/home/dhruval/PycharmProjects/Analysis/tweet_parser.py:100} INFO found match!!!
07/09/2020 03:57:22 PM {/home/dhruval/PycharmProjects/Analysis/tweet_parser.py:98} INFO for
07/09/2020 03:57:22 PM {/home/dhruval/PycharmProjects/Analysis/tweet_parser.py:98} INFO your
07/09/2020 03:57:22 PM {/home/dhruval/PycharmProjects/Analysis/tweet_parser.py:98} INFO 2a
07/09/2020 03:57:22 PM {/home/dhruval/PycharmProjects/Analysis/tweet_parser.py:100} INFO found match!!!
07/09/2020 03:57:22 PM {/home/dhruval/PycharmProjects/Analysis/tweet_parser.py:98} INFO rights
07/09/2020 03:57:22 PM {/home/dhruval/PycharmProjects/Analysis/tweet_parser.py:100} INFO found match!!!
07/09/2020 03:57:22 PM {/home/dhruval/PycharmProjects/Analysis/tweet_parser.py:98} INFO and
07/09/2020 03:57:22 PM {/home/dhruval/PycharmProjects/Analysis/tweet_parser.py:98} INFO the
07/09/2020 03:57:22 PM {/home/dhruval/PycharmProjects/Analysis/tweet_parser.py:98} INFO border
07/09/2020 03:57:22 PM {/home/dhruval/PycharmProjects/Analysis/tweet_parser.py:100} INFO found match!!!
07/09/2020 03:57:22 PM {/home/dhruval/PycharmProjects/Analysis/tweet_parser.py:98} INFO wall
07/09/2020 03:57:22 PM {/home/dhruval/PycharmProjects/Analysis/tweet_parser.py:100} INFO found match!!!
07/09/2020 03:57:22 PM {/home/dhruval/PycharmProjects/Analysis/tweet_parser.py:98} INFO scott
07/09/2020 03:57:22 PM {/home/dhruval/PycharmProjects/Analysis/tweet_parser.py:100} INFO found match!!!
07/09/2020 03:57:22 PM {/home/dhruval/PycharmProjects/Analysis/tweet_parser.py:98} INFO is
07/09/2020 03:57:22 PM {/home/dhruval/PycharmProjects/Analysis/tweet_parser.py:98} INFO working
07/09/2020 03:57:22 PM {/home/dhruval/PycharmProjects/Analysis/tweet_parser.py:100} INFO found match!!!
07/09/2020 03:57:22 PM {/home/dhruval/PycharmProjects/Analysis/tweet_parser.py:98} INFO hard
07/09/2020 03:57:22 PM {/home/dhruval/PycharmProjects/Analysis/tweet_parser.py:100} INFO found match!!!
07/09/2020 03:57:22 PM {/home/dhruval/PycharmProjects/Analysis/tweet_parser.py:98} INFO for
07/09/2020 03:57:22 PM {/home/dhruval/PycharmProjects/Analysis/tweet_parser.py:98} INFO colorado
07/09/2020 03:57:22 PM {/home/dhruval/PycharmProjects/Analysis/tweet_parser.py:100} INFO found match!!!
07/09/2020 03:57:22 PM {/home/dhruval/PycharmProjects/Analysis/tweet_parser.py:98} INFO and
07/09/2020 03:57:22 PM {/home/dhruval/PycharmProjects/Analysis/tweet_parser.py:98} INFO has
07/09/2020 03:57:22 PM {/home/dhruval/PycharmProjects/Analysis/tweet_parser.py:98} INFO my
07/09/2020 03:57:22 PM {/home/dhruval/PycharmProjects/Analysis/tweet_parser.py:98} INFO complete
07/09/2020 03:57:22 PM {/home/dhruval/PycharmProjects/Analysis/tweet_parser.py:100} INFO found match!!!
07/09/2020 03:57:22 PM {/home/dhruval/PycharmProjects/Analysis/tweet_parser.py:98} INFO and
07/09/2020 03:57:22 PM {/home/dhruval/PycharmProjects/Analysis/tweet_parser.py:98} INFO total
07/09/2020 03:57:22 PM {/home/dhruval/PycharmProjects/Analysis/tweet_parser.py:100} INFO found match!!!
07/09/2020 03:57:22 PM {/home/dhruval/PycharmProjects/Analysis/tweet_parser.py:98} INFO endorsement
07/09/2020 03:57:22 PM {/home/dhruval/PycharmProjects/Analysis/tweet_parser.py:100} INFO found match!!!
07/09/2020 03:57:22 PM {/home/dhruval/PycharmProjects/Analysis/tweet_parser.py:98} INFO co03
07/09/2020 03:57:22 PM {/home/dhruval/PycharmProjects/Analysis/tweet_parser.py:100} INFO found match!!!
07/09/2020 03:57:22 PM {/home/dhruval/PycharmProjects/Analysis/tweet_parser.py:102} INFO ['congressman', 'scottrtipton', 'great', 'supporter', 'maga', 'agenda', 'fights', '2a', 'rights', 'border', 'wall', 'scott', 'working', 'hard', 'colorado', 'complete', 'total', 'endorsement', 'co03']
07/09/2020 03:57:22 PM {/home/dhruval/PycharmProjects/Analysis/tweet_parser.py:93} INFO 
07/09/2020 03:57:22 PM {/home/dhruval/PycharmProjects/Analysis/tweet_parser.py:95} INFO []
07/09/2020 03:57:22 PM {/home/dhruval/PycharmProjects/Analysis/tweet_parser.py:102} INFO []
07/09/2020 03:57:22 PM {/home/dhruval/PycharmProjects/Analysis/analyzer.py:37} INFO battle save heritage history greatness country maga2020
07/09/2020 03:57:22 PM {/home/dhruval/PycharmProjects/Analysis/analyzer.py:42} INFO greatness
07/09/2020 03:57:22 PM {/home/dhruval/PycharmProjects/Analysis/analyzer.py:37} INFO watch pandemic spread ugly face world including tremendous damage usa angry china people feel
07/09/2020 03:57:22 PM {/home/dhruval/PycharmProjects/Analysis/analyzer.py:45} INFO ugly
07/09/2020 03:57:22 PM {/home/dhruval/PycharmProjects/Analysis/analyzer.py:45} INFO damage
07/09/2020 03:57:22 PM {/home/dhruval/PycharmProjects/Analysis/analyzer.py:45} INFO angry
07/09/2020 03:57:22 PM {/home/dhruval/PycharmProjects/Analysis/analyzer.py:37} INFO today scotus ruling historic win families school choice schoolchoice civil rights issue parent send child failing school continue fight school choice defend religious freedom
07/09/2020 03:57:22 PM {/home/dhruval/PycharmProjects/Analysis/analyzer.py:42} INFO win
07/09/2020 03:57:22 PM {/home/dhruval/PycharmProjects/Analysis/analyzer.py:45} INFO issue
07/09/2020 03:57:22 PM {/home/dhruval/PycharmProjects/Analysis/analyzer.py:45} INFO failing
07/09/2020 03:57:22 PM {/home/dhruval/PycharmProjects/Analysis/analyzer.py:42} INFO freedom
07/09/2020 03:57:22 PM {/home/dhruval/PycharmProjects/Analysis/analyzer.py:37} INFO lone warrior
07/09/2020 03:57:22 PM {/home/dhruval/PycharmProjects/Analysis/analyzer.py:45} INFO lone
07/09/2020 03:57:22 PM {/home/dhruval/PycharmProjects/Analysis/analyzer.py:37} INFO chuck lower drug prices
07/09/2020 03:57:22 PM {/home/dhruval/PycharmProjects/Analysis/analyzer.py:37} INFO tracking anarchists threw paint magnificent george washington statue manhattan tape prosecuted face 10 years prison based monuments statues act turn
07/09/2020 03:57:22 PM {/home/dhruval/PycharmProjects/Analysis/analyzer.py:42} INFO magnificent
07/09/2020 03:57:22 PM {/home/dhruval/PycharmProjects/Analysis/analyzer.py:45} INFO prison
07/09/2020 03:57:22 PM {/home/dhruval/PycharmProjects/Analysis/analyzer.py:37} INFO senator corygardner colorado great senator fights people state protects 2a loves vets military cares deeply beautiful public lands cory complete total endorsement cosen
07/09/2020 03:57:22 PM {/home/dhruval/PycharmProjects/Analysis/analyzer.py:42} INFO great
07/09/2020 03:57:22 PM {/home/dhruval/PycharmProjects/Analysis/analyzer.py:42} INFO loves
07/09/2020 03:57:22 PM {/home/dhruval/PycharmProjects/Analysis/analyzer.py:42} INFO beautiful
07/09/2020 03:57:22 PM {/home/dhruval/PycharmProjects/Analysis/analyzer.py:42} INFO endorsement
07/09/2020 03:57:22 PM {/home/dhruval/PycharmProjects/Analysis/analyzer.py:37} INFO congressman scottrtipton great supporter maga agenda fights 2a rights border wall scott working hard colorado complete total endorsement co03
07/09/2020 03:57:22 PM {/home/dhruval/PycharmProjects/Analysis/analyzer.py:42} INFO great
07/09/2020 03:57:22 PM {/home/dhruval/PycharmProjects/Analysis/analyzer.py:42} INFO supporter
07/09/2020 03:57:22 PM {/home/dhruval/PycharmProjects/Analysis/analyzer.py:45} INFO hard
07/09/2020 03:57:22 PM {/home/dhruval/PycharmProjects/Analysis/analyzer.py:42} INFO endorsement
07/09/2020 03:57:22 PM {/home/dhruval/PycharmProjects/Analysis/analyzer.py:37} INFO 
07/09/2020 03:57:22 PM {/home/dhruval/PycharmProjects/Analysis/analyzer.py:42} INFO 
07/09/2020 03:57:22 PM {/home/dhruval/PycharmProjects/Analysis/analyzer.py:45} INFO 
07/09/2020 03:57:22 PM {/home/dhruval/PycharmProjects/Analysis/analyzer.py:37} INFO 
07/09/2020 03:57:22 PM {/home/dhruval/PycharmProjects/Analysis/analyzer.py:42} INFO 
07/09/2020 03:57:22 PM {/home/dhruval/PycharmProjects/Analysis/analyzer.py:45} INFO 
07/09/2020 03:57:22 PM {/home/dhruval/PycharmProjects/Analysis/main.py:25} INFO {'positive': {'battle save heritage history greatness country maga2020': 1, 'senator corygardner colorado great senator fights people state protects 2a loves vets military cares deeply beautiful public lands cory complete total endorsement cosen': 4, 'congressman scottrtipton great supporter maga agenda fights 2a rights border wall scott working hard colorado complete total endorsement co03': 2}, 'negative': {'watch pandemic spread ugly face world including tremendous damage usa angry china people feel': -3, 'lone warrior': -1}, 'neutral': {'today scotus ruling historic win families school choice schoolchoice civil rights issue parent send child failing school continue fight school choice defend religious freedom': 0, 'chuck lower drug prices': 0, 'tracking anarchists threw paint magnificent george washington statue manhattan tape prosecuted face 10 years prison based monuments statues act turn': 0, '': 0}}
